-------------------------------------------------------------------------------
Test set: com.vandv.sistema_ingressos.test_show.TestIgualAoDocumento
-------------------------------------------------------------------------------
Tests run: 1, Failures: 0, Errors: 1, Skipped: 0, Time elapsed: 0.478 s <<< FAILURE! - in com.vandv.sistema_ingressos.test_show.TestIgualAoDocumento
com.vandv.sistema_ingressos.test_show.TestIgualAoDocumento  Time elapsed: 0.475 s  <<< ERROR!
java.lang.IllegalStateException: Unable to find a @SpringBootConfiguration, you need to use @ContextConfiguration or @SpringBootTest(classes=...) with your test

