<?xml version="1.0" encoding="UTF-8"?>
<testsuite xmlns:xsi="http://www.w3.org/2001/XMLSchema-instance" xsi:noNamespaceSchemaLocation="https://maven.apache.org/surefire/maven-surefire-plugin/xsd/surefire-test-report.xsd" name="com.vandv.sistema_ingressos.test_show.ShowV1ControllerTests" time="6.366" tests="4" errors="0" skipped="0" failures="4">
  <properties>
[...]
</properties>
  <testcase name="testAoBuscarTodosShow" classname="com.vandv.sistema_ingressos.test_show.ShowV1ControllerTests" time="0.46">
    <failure message="Status expected:&lt;200&gt; but was:&lt;401&gt;" type="java.lang.AssertionError"><![CDATA[java.lang.AssertionError: Status expected:<200> but was:<401>
	at com.vandv.sistema_ingressos.test_show.ShowV1ControllerTests.testAoBuscarTodosShow(ShowV1ControllerTests.java:151)
]]></failure>
    <system-out><![CDATA[22:38:37.013 [main] DEBUG org.springframework.boot.test.context.SpringBootTestContextBootstrapper -- Neither @ContextConfiguration nor @ContextHierarchy found for test class [ShowV1ControllerTests]: using SpringBootContextLoader
22:38:37.017 [main] DEBUG org.springframework.test.context.support.AbstractContextLoader -- Could not detect default resource locations for test class [com.vandv.sistema_ingressos.test_show.ShowV1ControllerTests]: no resource found for suffixes {-context.xml, Context.groovy}.
22:38:37.017 [main] INFO org.springframework.test.context.support.AnnotationConfigContextLoaderUtils -- Could not detect default configuration classes for test class [com.vandv.sistema_ingressos.test_show.ShowV1ControllerTests]: ShowV1ControllerTests does not declare any static, non-private, non-final, nested classes annotated with @Configuration.
22:38:37.066 [main] DEBUG org.springframework.boot.test.context.SpringBootTestContextBootstrapper -- Using ContextCustomizers for test class [ShowV1ControllerTests]: [ImportsContextCustomizer, ExcludeFilterContextCustomizer, DuplicateJsonObjectContextCustomizer, MockitoContextCustomizer, TestRestTemplateContextCustomizer, DisableObservabilityContextCustomizer, PropertyMappingContextCustomizer, Customizer]
22:38:37.137 [main] DEBUG org.springframework.context.annotation.ClassPathScanningCandidateComponentProvider -- Identified candidate component class: file [/home/lucas/VeV/sistema_ingressos/target/classes/com/vandv/sistema_ingressos/SistemaIngressosApplication.class]
22:38:37.138 [main] INFO org.springframework.boot.test.context.SpringBootTestContextBootstrapper -- Found @SpringBootConfiguration com.vandv.sistema_ingressos.SistemaIngressosApplication for test class com.vandv.sistema_ingressos.test_show.ShowV1ControllerTests
22:38:37.216 [main] DEBUG org.springframework.boot.test.context.SpringBootTestContextBootstrapper -- Using TestExecutionListeners for test class [ShowV1ControllerTests]: [ServletTestExecutionListener, DirtiesContextBeforeModesTestExecutionListener, ApplicationEventsTestExecutionListener, MockitoTestExecutionListener, DependencyInjectionTestExecutionListener, DirtiesContextTestExecutionListener, TransactionalTestExecutionListener, SqlScriptsTestExecutionListener, EventPublishingTestExecutionListener, ResetMocksTestExecutionListener, RestDocsTestExecutionListener, MockRestServiceServerResetTestExecutionListener, MockMvcPrintOnlyOnFailureTestExecutionListener, WebDriverTestExecutionListener, MockWebServiceServerTestExecutionListener]
22:38:37.217 [main] DEBUG org.springframework.test.context.support.AbstractDirtiesContextTestExecutionListener -- Before test class: class [ShowV1ControllerTests], class annotated with @DirtiesContext [false] with mode [null]

  .   ____          _            __ _ _
 /\\ / ___'_ __ _ _(_)_ __  __ _ \ \ \ \
( ( )\___ | '_ | '_| | '_ \/ _` | \ \ \ \
 \\/  ___)| |_)| | | | | || (_| |  ) ) ) )
  '  |____| .__|_| |_|_| |_\__, | / / / /
 =========|_|==============|___/=/_/_/_/
 :: Spring Boot ::                (v3.0.5)

2024-12-10T22:38:37.696-03:00  INFO 26134 --- [           main] c.v.s.test_show.ShowV1ControllerTests    : Starting ShowV1ControllerTests using Java 21.0.5 with PID 26134 (started by lucas in /home/lucas/VeV/sistema_ingressos)
2024-12-10T22:38:37.698-03:00  INFO 26134 --- [           main] c.v.s.test_show.ShowV1ControllerTests    : No active profile set, falling back to 1 default profile: "default"
2024-12-10T22:38:38.485-03:00  INFO 26134 --- [           main] .s.d.r.c.RepositoryConfigurationDelegate : Bootstrapping Spring Data JPA repositories in DEFAULT mode.
2024-12-10T22:38:38.552-03:00  INFO 26134 --- [           main] .s.d.r.c.RepositoryConfigurationDelegate : Finished Spring Data repository scanning in 59 ms. Found 3 JPA repository interfaces.
2024-12-10T22:38:39.107-03:00  INFO 26134 --- [           main] com.zaxxer.hikari.HikariDataSource       : HikariPool-1 - Starting...
2024-12-10T22:38:39.284-03:00  INFO 26134 --- [           main] com.zaxxer.hikari.pool.HikariPool        : HikariPool-1 - Added connection conn0: url=jdbc:h2:mem:testdb user=ADMIN
2024-12-10T22:38:39.285-03:00  INFO 26134 --- [           main] com.zaxxer.hikari.HikariDataSource       : HikariPool-1 - Start completed.
2024-12-10T22:38:39.332-03:00  INFO 26134 --- [           main] o.hibernate.jpa.internal.util.LogHelper  : HHH000204: Processing PersistenceUnitInfo [name: default]
2024-12-10T22:38:39.379-03:00  INFO 26134 --- [           main] org.hibernate.Version                    : HHH000412: Hibernate ORM core version 6.1.7.Final
2024-12-10T22:38:39.700-03:00  INFO 26134 --- [           main] SQL dialect                              : HHH000400: Using dialect: org.hibernate.dialect.H2Dialect
2024-12-10T22:38:39.968-03:00  INFO 26134 --- [           main] o.h.c.beanvalidation.TypeSafeActivator   : Error calling `jakarta.validation.Validation#buildDefaultValidatorFactory`

jakarta.validation.NoProviderFoundException: Unable to create a Configuration, because no Jakarta Bean Validation provider could be found. Add a provider like Hibernate Validator (RI) to your classpath.
	at jakarta.validation.Validation$GenericBootstrapImpl.configure(Validation.java:291) ~[jakarta.validation-api-3.0.2.jar:na]
	at jakarta.validation.Validation.buildDefaultValidatorFactory(Validation.java:103) ~[jakarta.validation-api-3.0.2.jar:na]
	at org.hibernate.cfg.beanvalidation.TypeSafeActivator.getValidatorFactory(TypeSafeActivator.java:479) ~[hibernate-core-6.1.7.Final.jar:6.1.7.Final]
	at org.hibernate.cfg.beanvalidation.TypeSafeActivator.activate(TypeSafeActivator.java:82) ~[hibernate-core-6.1.7.Final.jar:6.1.7.Final]
	at java.base/jdk.internal.reflect.DirectMethodHandleAccessor.invoke(DirectMethodHandleAccessor.java:103) ~[na:na]
	at java.base/java.lang.reflect.Method.invoke(Method.java:580) ~[na:na]
	at org.hibernate.cfg.beanvalidation.BeanValidationIntegrator.integrate(BeanValidationIntegrator.java:137) ~[hibernate-core-6.1.7.Final.jar:6.1.7.Final]
	at org.hibernate.internal.SessionFactoryImpl.<init>(SessionFactoryImpl.java:287) ~[hibernate-core-6.1.7.Final.jar:6.1.7.Final]
	at org.hibernate.boot.internal.SessionFactoryBuilderImpl.build(SessionFactoryBuilderImpl.java:415) ~[hibernate-core-6.1.7.Final.jar:6.1.7.Final]
	at org.hibernate.jpa.boot.internal.EntityManagerFactoryBuilderImpl.build(EntityManagerFactoryBuilderImpl.java:1423) ~[hibernate-core-6.1.7.Final.jar:6.1.7.Final]
	at org.springframework.orm.jpa.vendor.SpringHibernateJpaPersistenceProvider.createContainerEntityManagerFactory(SpringHibernateJpaPersistenceProvider.java:66) ~[spring-orm-6.0.7.jar:6.0.7]
	at org.springframework.orm.jpa.LocalContainerEntityManagerFactoryBean.createNativeEntityManagerFactory(LocalContainerEntityManagerFactoryBean.java:376) ~[spring-orm-6.0.7.jar:6.0.7]
	at org.springframework.orm.jpa.AbstractEntityManagerFactoryBean.buildNativeEntityManagerFactory(AbstractEntityManagerFactoryBean.java:409) ~[spring-orm-6.0.7.jar:6.0.7]
	at org.springframework.orm.jpa.AbstractEntityManagerFactoryBean.afterPropertiesSet(AbstractEntityManagerFactoryBean.java:396) ~[spring-orm-6.0.7.jar:6.0.7]
	at org.springframework.orm.jpa.LocalContainerEntityManagerFactoryBean.afterPropertiesSet(LocalContainerEntityManagerFactoryBean.java:352) ~[spring-orm-6.0.7.jar:6.0.7]
	at org.springframework.beans.factory.support.AbstractAutowireCapableBeanFactory.invokeInitMethods(AbstractAutowireCapableBeanFactory.java:1816) ~[spring-beans-6.0.7.jar:6.0.7]
	at org.springframework.beans.factory.support.AbstractAutowireCapableBeanFactory.initializeBean(AbstractAutowireCapableBeanFactory.java:1766) ~[spring-beans-6.0.7.jar:6.0.7]
	at org.springframework.beans.factory.support.AbstractAutowireCapableBeanFactory.doCreateBean(AbstractAutowireCapableBeanFactory.java:598) ~[spring-beans-6.0.7.jar:6.0.7]
	at org.springframework.beans.factory.support.AbstractAutowireCapableBeanFactory.createBean(AbstractAutowireCapableBeanFactory.java:520) ~[spring-beans-6.0.7.jar:6.0.7]
	at org.springframework.beans.factory.support.AbstractBeanFactory.lambda$doGetBean$0(AbstractBeanFactory.java:326) ~[spring-beans-6.0.7.jar:6.0.7]
	at org.springframework.beans.factory.support.DefaultSingletonBeanRegistry.getSingleton(DefaultSingletonBeanRegistry.java:234) ~[spring-beans-6.0.7.jar:6.0.7]
	at org.springframework.beans.factory.support.AbstractBeanFactory.doGetBean(AbstractBeanFactory.java:324) ~[spring-beans-6.0.7.jar:6.0.7]
	at org.springframework.beans.factory.support.AbstractBeanFactory.getBean(AbstractBeanFactory.java:200) ~[spring-beans-6.0.7.jar:6.0.7]
	at org.springframework.context.support.AbstractApplicationContext.getBean(AbstractApplicationContext.java:1132) ~[spring-context-6.0.7.jar:6.0.7]
	at org.springframework.context.support.AbstractApplicationContext.finishBeanFactoryInitialization(AbstractApplicationContext.java:907) ~[spring-context-6.0.7.jar:6.0.7]
	at org.springframework.context.support.AbstractApplicationContext.refresh(AbstractApplicationContext.java:584) ~[spring-context-6.0.7.jar:6.0.7]
	at org.springframework.boot.SpringApplication.refresh(SpringApplication.java:732) ~[spring-boot-3.0.5.jar:3.0.5]
	at org.springframework.boot.SpringApplication.refreshContext(SpringApplication.java:434) ~[spring-boot-3.0.5.jar:3.0.5]
	at org.springframework.boot.SpringApplication.run(SpringApplication.java:310) ~[spring-boot-3.0.5.jar:3.0.5]
	at org.springframework.boot.test.context.SpringBootContextLoader.lambda$loadContext$3(SpringBootContextLoader.java:137) ~[spring-boot-test-3.0.5.jar:3.0.5]
	at org.springframework.util.function.ThrowingSupplier.get(ThrowingSupplier.java:58) ~[spring-core-6.0.7.jar:6.0.7]
	at org.springframework.util.function.ThrowingSupplier.get(ThrowingSupplier.java:46) ~[spring-core-6.0.7.jar:6.0.7]
	at org.springframework.boot.SpringApplication.withHook(SpringApplication.java:1388) ~[spring-boot-3.0.5.jar:3.0.5]
	at org.springframework.boot.test.context.SpringBootContextLoader$ContextLoaderHook.run(SpringBootContextLoader.java:545) ~[spring-boot-test-3.0.5.jar:3.0.5]
	at org.springframework.boot.test.context.SpringBootContextLoader.loadContext(SpringBootContextLoader.java:137) ~[spring-boot-test-3.0.5.jar:3.0.5]
	at org.springframework.boot.test.context.SpringBootContextLoader.loadContext(SpringBootContextLoader.java:108) ~[spring-boot-test-3.0.5.jar:3.0.5]
	at org.springframework.test.context.cache.DefaultCacheAwareContextLoaderDelegate.loadContextInternal(DefaultCacheAwareContextLoaderDelegate.java:184) ~[spring-test-6.0.7.jar:6.0.7]
	at org.springframework.test.context.cache.DefaultCacheAwareContextLoaderDelegate.loadContext(DefaultCacheAwareContextLoaderDelegate.java:118) ~[spring-test-6.0.7.jar:6.0.7]
	at org.springframework.test.context.support.DefaultTestContext.getApplicationContext(DefaultTestContext.java:127) ~[spring-test-6.0.7.jar:6.0.7]
	at org.springframework.test.context.web.ServletTestExecutionListener.setUpRequestContextIfNecessary(ServletTestExecutionListener.java:191) ~[spring-test-6.0.7.jar:6.0.7]
	at org.springframework.test.context.web.ServletTestExecutionListener.prepareTestInstance(ServletTestExecutionListener.java:130) ~[spring-test-6.0.7.jar:6.0.7]
	at org.springframework.test.context.TestContextManager.prepareTestInstance(TestContextManager.java:241) ~[spring-test-6.0.7.jar:6.0.7]
	at org.springframework.test.context.junit.jupiter.SpringExtension.postProcessTestInstance(SpringExtension.java:138) ~[spring-test-6.0.7.jar:6.0.7]
	at org.junit.jupiter.engine.descriptor.ClassBasedTestDescriptor.lambda$invokeTestInstancePostProcessors$10(ClassBasedTestDescriptor.java:377) ~[junit-jupiter-engine-5.9.2.jar:5.9.2]
	at org.junit.jupiter.engine.descriptor.ClassBasedTestDescriptor.executeAndMaskThrowable(ClassBasedTestDescriptor.java:382) ~[junit-jupiter-engine-5.9.2.jar:5.9.2]
	at org.junit.jupiter.engine.descriptor.ClassBasedTestDescriptor.lambda$invokeTestInstancePostProcessors$11(ClassBasedTestDescriptor.java:377) ~[junit-jupiter-engine-5.9.2.jar:5.9.2]
	at java.base/java.util.stream.ReferencePipeline$3$1.accept(ReferencePipeline.java:197) ~[na:na]
	at java.base/java.util.stream.ReferencePipeline$2$1.accept(ReferencePipeline.java:179) ~[na:na]
	at java.base/java.util.ArrayList$ArrayListSpliterator.forEachRemaining(ArrayList.java:1708) ~[na:na]
	at java.base/java.util.stream.AbstractPipeline.copyInto(AbstractPipeline.java:509) ~[na:na]
	at java.base/java.util.stream.AbstractPipeline.wrapAndCopyInto(AbstractPipeline.java:499) ~[na:na]
	at java.base/java.util.stream.StreamSpliterators$WrappingSpliterator.forEachRemaining(StreamSpliterators.java:310) ~[na:na]
	at java.base/java.util.stream.Streams$ConcatSpliterator.forEachRemaining(Streams.java:735) ~[na:na]
	at java.base/java.util.stream.Streams$ConcatSpliterator.forEachRemaining(Streams.java:734) ~[na:na]
	at java.base/java.util.stream.ReferencePipeline$Head.forEach(ReferencePipeline.java:762) ~[na:na]
	at org.junit.jupiter.engine.descriptor.ClassBasedTestDescriptor.invokeTestInstancePostProcessors(ClassBasedTestDescriptor.java:376) ~[junit-jupiter-engine-5.9.2.jar:5.9.2]
	at org.junit.jupiter.engine.descriptor.ClassBasedTestDescriptor.lambda$instantiateAndPostProcessTestInstance$6(ClassBasedTestDescriptor.java:289) ~[junit-jupiter-engine-5.9.2.jar:5.9.2]
	at org.junit.platform.engine.support.hierarchical.ThrowableCollector.execute(ThrowableCollector.java:73) ~[junit-platform-engine-1.9.2.jar:1.9.2]
	at org.junit.jupiter.engine.descriptor.ClassBasedTestDescriptor.instantiateAndPostProcessTestInstance(ClassBasedTestDescriptor.java:288) ~[junit-jupiter-engine-5.9.2.jar:5.9.2]
	at org.junit.jupiter.engine.descriptor.ClassBasedTestDescriptor.lambda$testInstancesProvider$4(ClassBasedTestDescriptor.java:278) ~[junit-jupiter-engine-5.9.2.jar:5.9.2]
	at java.base/java.util.Optional.orElseGet(Optional.java:364) ~[na:na]
	at org.junit.jupiter.engine.descriptor.ClassBasedTestDescriptor.lambda$testInstancesProvider$5(ClassBasedTestDescriptor.java:277) ~[junit-jupiter-engine-5.9.2.jar:5.9.2]
	at org.junit.jupiter.engine.execution.TestInstancesProvider.getTestInstances(TestInstancesProvider.java:31) ~[junit-jupiter-engine-5.9.2.jar:5.9.2]
	at org.junit.jupiter.engine.descriptor.TestMethodTestDescriptor.lambda$prepare$0(TestMethodTestDescriptor.java:105) ~[junit-jupiter-engine-5.9.2.jar:5.9.2]
	at org.junit.platform.engine.support.hierarchical.ThrowableCollector.execute(ThrowableCollector.java:73) ~[junit-platform-engine-1.9.2.jar:1.9.2]
	at org.junit.jupiter.engine.descriptor.TestMethodTestDescriptor.prepare(TestMethodTestDescriptor.java:104) ~[junit-jupiter-engine-5.9.2.jar:5.9.2]
	at org.junit.jupiter.engine.descriptor.TestMethodTestDescriptor.prepare(TestMethodTestDescriptor.java:68) ~[junit-jupiter-engine-5.9.2.jar:5.9.2]
	at org.junit.platform.engine.support.hierarchical.NodeTestTask.lambda$prepare$2(NodeTestTask.java:123) ~[junit-platform-engine-1.9.2.jar:1.9.2]
	at org.junit.platform.engine.support.hierarchical.ThrowableCollector.execute(ThrowableCollector.java:73) ~[junit-platform-engine-1.9.2.jar:1.9.2]
	at org.junit.platform.engine.support.hierarchical.NodeTestTask.prepare(NodeTestTask.java:123) ~[junit-platform-engine-1.9.2.jar:1.9.2]
	at org.junit.platform.engine.support.hierarchical.NodeTestTask.execute(NodeTestTask.java:90) ~[junit-platform-engine-1.9.2.jar:1.9.2]
	at java.base/java.util.ArrayList.forEach(ArrayList.java:1596) ~[na:na]
	at org.junit.platform.engine.support.hierarchical.SameThreadHierarchicalTestExecutorService.invokeAll(SameThreadHierarchicalTestExecutorService.java:41) ~[junit-platform-engine-1.9.2.jar:1.9.2]
	at org.junit.platform.engine.support.hierarchical.NodeTestTask.lambda$executeRecursively$6(NodeTestTask.java:155) ~[junit-platform-engine-1.9.2.jar:1.9.2]
	at org.junit.platform.engine.support.hierarchical.ThrowableCollector.execute(ThrowableCollector.java:73) ~[junit-platform-engine-1.9.2.jar:1.9.2]
	at org.junit.platform.engine.support.hierarchical.NodeTestTask.lambda$executeRecursively$8(NodeTestTask.java:141) ~[junit-platform-engine-1.9.2.jar:1.9.2]
	at org.junit.platform.engine.support.hierarchical.Node.around(Node.java:137) ~[junit-platform-engine-1.9.2.jar:1.9.2]
	at org.junit.platform.engine.support.hierarchical.NodeTestTask.lambda$executeRecursively$9(NodeTestTask.java:139) ~[junit-platform-engine-1.9.2.jar:1.9.2]
	at org.junit.platform.engine.support.hierarchical.ThrowableCollector.execute(ThrowableCollector.java:73) ~[junit-platform-engine-1.9.2.jar:1.9.2]
	at org.junit.platform.engine.support.hierarchical.NodeTestTask.executeRecursively(NodeTestTask.java:138) ~[junit-platform-engine-1.9.2.jar:1.9.2]
	at org.junit.platform.engine.support.hierarchical.NodeTestTask.execute(NodeTestTask.java:95) ~[junit-platform-engine-1.9.2.jar:1.9.2]
	at java.base/java.util.ArrayList.forEach(ArrayList.java:1596) ~[na:na]
	at org.junit.platform.engine.support.hierarchical.SameThreadHierarchicalTestExecutorService.invokeAll(SameThreadHierarchicalTestExecutorService.java:41) ~[junit-platform-engine-1.9.2.jar:1.9.2]
	at org.junit.platform.engine.support.hierarchical.NodeTestTask.lambda$executeRecursively$6(NodeTestTask.java:155) ~[junit-platform-engine-1.9.2.jar:1.9.2]
	at org.junit.platform.engine.support.hierarchical.ThrowableCollector.execute(ThrowableCollector.java:73) ~[junit-platform-engine-1.9.2.jar:1.9.2]
	at org.junit.platform.engine.support.hierarchical.NodeTestTask.lambda$executeRecursively$8(NodeTestTask.java:141) ~[junit-platform-engine-1.9.2.jar:1.9.2]
	at org.junit.platform.engine.support.hierarchical.Node.around(Node.java:137) ~[junit-platform-engine-1.9.2.jar:1.9.2]
	at org.junit.platform.engine.support.hierarchical.NodeTestTask.lambda$executeRecursively$9(NodeTestTask.java:139) ~[junit-platform-engine-1.9.2.jar:1.9.2]
	at org.junit.platform.engine.support.hierarchical.ThrowableCollector.execute(ThrowableCollector.java:73) ~[junit-platform-engine-1.9.2.jar:1.9.2]
	at org.junit.platform.engine.support.hierarchical.NodeTestTask.executeRecursively(NodeTestTask.java:138) ~[junit-platform-engine-1.9.2.jar:1.9.2]
	at org.junit.platform.engine.support.hierarchical.NodeTestTask.execute(NodeTestTask.java:95) ~[junit-platform-engine-1.9.2.jar:1.9.2]
	at org.junit.platform.engine.support.hierarchical.SameThreadHierarchicalTestExecutorService.submit(SameThreadHierarchicalTestExecutorService.java:35) ~[junit-platform-engine-1.9.2.jar:1.9.2]
	at org.junit.platform.engine.support.hierarchical.HierarchicalTestExecutor.execute(HierarchicalTestExecutor.java:57) ~[junit-platform-engine-1.9.2.jar:1.9.2]
	at org.junit.platform.engine.support.hierarchical.HierarchicalTestEngine.execute(HierarchicalTestEngine.java:54) ~[junit-platform-engine-1.9.2.jar:1.9.2]
	at org.junit.platform.launcher.core.DefaultLauncher.execute(DefaultLauncher.java:220) ~[junit-platform-launcher-1.3.1.jar:1.3.1]
	at org.junit.platform.launcher.core.DefaultLauncher.lambda$execute$6(DefaultLauncher.java:188) ~[junit-platform-launcher-1.3.1.jar:1.3.1]
	at org.junit.platform.launcher.core.DefaultLauncher.withInterceptedStreams(DefaultLauncher.java:202) ~[junit-platform-launcher-1.3.1.jar:1.3.1]
	at org.junit.platform.launcher.core.DefaultLauncher.execute(DefaultLauncher.java:181) ~[junit-platform-launcher-1.3.1.jar:1.3.1]
	at org.junit.platform.launcher.core.DefaultLauncher.execute(DefaultLauncher.java:128) ~[junit-platform-launcher-1.3.1.jar:1.3.1]
	at org.apache.maven.surefire.junitplatform.JUnitPlatformProvider.invokeAllTests(JUnitPlatformProvider.java:150) ~[surefire-junit-platform-2.22.2.jar:2.22.2]
	at org.apache.maven.surefire.junitplatform.JUnitPlatformProvider.invoke(JUnitPlatformProvider.java:124) ~[surefire-junit-platform-2.22.2.jar:2.22.2]
	at org.apache.maven.surefire.booter.ForkedBooter.invokeProviderInSameClassLoader(ForkedBooter.java:384) ~[surefire-booter-2.22.2.jar:2.22.2]
	at org.apache.maven.surefire.booter.ForkedBooter.runSuitesInProcess(ForkedBooter.java:345) ~[surefire-booter-2.22.2.jar:2.22.2]
	at org.apache.maven.surefire.booter.ForkedBooter.execute(ForkedBooter.java:126) ~[surefire-booter-2.22.2.jar:2.22.2]
	at org.apache.maven.surefire.booter.ForkedBooter.main(ForkedBooter.java:418) ~[surefire-booter-2.22.2.jar:2.22.2]

Hibernate: 
    
    drop table if exists tb_artista cascade 
Hibernate: 
    
    drop table if exists tb_ingresso cascade 
Hibernate: 
    
    drop table if exists tb_lote_ingresso cascade 
Hibernate: 
    
    drop table if exists tb_lote_ingresso_ingressos cascade 
Hibernate: 
    
    drop table if exists tb_show cascade 
Hibernate: 
    
    drop table if exists tb_show_lote cascade 
Hibernate: 
    
    create table tb_artista (
       id_artista bigint generated by default as identity,
        ds_cpf varchar(255) not null,
        ds_genero varchar(255) not null,
        ds_nome varchar(255) not null,
        ds_nome_artistico varchar(255) not null,
        ds_sobrenome varchar(255) not null,
        primary key (id_artista)
    )
Hibernate: 
    
    create table tb_ingresso (
       id_ingresso bigint generated by default as identity,
        ds_preco float(53) not null,
        ds_status varbinary(255) not null,
        ds_tipo varbinary(255) not null,
        primary key (id_ingresso)
    )
Hibernate: 
    
    create table tb_lote_ingresso (
       id_lote bigint generated by default as identity,
        ds_desconto float(53) not null,
        primary key (id_lote)
    )
Hibernate: 
    
    create table tb_lote_ingresso_ingressos (
       lote_id_lote bigint not null,
        ingressos_id_ingresso bigint not null
    )
Hibernate: 
    
    create table tb_show (
       id_show bigint generated by default as identity,
        ds_cache integer not null,
        ds_data_especial boolean not null,
        ds_data timestamp(6) not null,
        ds_total_despesas integer not null,
        ds_artista bigint,
        primary key (id_show)
    )
Hibernate: 
    
    create table tb_show_lote (
       show_id_show bigint not null,
        lote_id_lote bigint not null
    )
Hibernate: 
    
    alter table if exists tb_lote_ingresso_ingressos 
       add constraint UK_jsh3lxypw435tx252qeirxsv7 unique (ingressos_id_ingresso)
Hibernate: 
    
    alter table if exists tb_show_lote 
       add constraint UK_odsxykjojjdatjayq65g5a2n1 unique (lote_id_lote)
Hibernate: 
    
    alter table if exists tb_lote_ingresso_ingressos 
       add constraint FKnjbvyhh5d8kxb3ub1hhkv50u3 
       foreign key (ingressos_id_ingresso) 
       references tb_ingresso
Hibernate: 
    
    alter table if exists tb_lote_ingresso_ingressos 
       add constraint FKjca49mw26dly1oxf065noc4yi 
       foreign key (lote_id_lote) 
       references tb_lote_ingresso
Hibernate: 
    
    alter table if exists tb_show 
       add constraint FK8qysfqsx8wv8cprk10sevpxnn 
       foreign key (ds_artista) 
       references tb_artista
Hibernate: 
    
    alter table if exists tb_show_lote 
       add constraint FKre49475j7llsmq6mvhhf722vw 
       foreign key (lote_id_lote) 
       references tb_lote_ingresso
Hibernate: 
    
    alter table if exists tb_show_lote 
       add constraint FKhr65lphc1xh291vl7spt6dvvu 
       foreign key (show_id_show) 
       references tb_show
2024-12-10T22:38:40.582-03:00  INFO 26134 --- [           main] o.h.e.t.j.p.i.JtaPlatformInitiator       : HHH000490: Using JtaPlatform implementation: [org.hibernate.engine.transaction.jta.platform.internal.NoJtaPlatform]
2024-12-10T22:38:40.588-03:00  INFO 26134 --- [           main] j.LocalContainerEntityManagerFactoryBean : Initialized JPA EntityManagerFactory for persistence unit 'default'
2024-12-10T22:38:41.054-03:00  WARN 26134 --- [           main] JpaBaseConfiguration$JpaWebConfiguration : spring.jpa.open-in-view is enabled by default. Therefore, database queries may be performed during view rendering. Explicitly configure spring.jpa.open-in-view to disable this warning
2024-12-10T22:38:42.269-03:00  INFO 26134 --- [           main] o.s.b.a.h2.H2ConsoleAutoConfiguration    : H2 console available at '/h2-console'. Database available at 'jdbc:h2:mem:testdb'
2024-12-10T22:38:42.448-03:00  INFO 26134 --- [           main] o.s.s.web.DefaultSecurityFilterChain     : Will secure any request with [org.springframework.security.web.session.DisableEncodeUrlFilter@1b89debc, org.springframework.security.web.context.request.async.WebAsyncManagerIntegrationFilter@7305191e, org.springframework.security.web.context.SecurityContextHolderFilter@714a4ba2, org.springframework.security.web.header.HeaderWriterFilter@64ff0eaa, org.springframework.security.web.csrf.CsrfFilter@6d7a343f, org.springframework.security.web.authentication.logout.LogoutFilter@2c6553c6, org.springframework.security.web.authentication.UsernamePasswordAuthenticationFilter@6d71f296, org.springframework.security.web.authentication.ui.DefaultLoginPageGeneratingFilter@31c800a5, org.springframework.security.web.authentication.ui.DefaultLogoutPageGeneratingFilter@159314ca, org.springframework.security.web.authentication.www.BasicAuthenticationFilter@51a73873, org.springframework.security.web.savedrequest.RequestCacheAwareFilter@764d54a0, org.springframework.security.web.servletapi.SecurityContextHolderAwareRequestFilter@4ed74d03, org.springframework.security.web.authentication.AnonymousAuthenticationFilter@bafc754, org.springframework.security.web.access.ExceptionTranslationFilter@3b8c15de, org.springframework.security.web.access.intercept.AuthorizationFilter@694dc99b]
2024-12-10T22:38:42.495-03:00  INFO 26134 --- [           main] o.s.b.t.m.w.SpringBootMockServletContext : Initializing Spring TestDispatcherServlet ''
2024-12-10T22:38:42.495-03:00  INFO 26134 --- [           main] o.s.t.web.servlet.TestDispatcherServlet  : Initializing Servlet ''
2024-12-10T22:38:42.497-03:00  INFO 26134 --- [           main] o.s.t.web.servlet.TestDispatcherServlet  : Completed initialization in 1 ms
2024-12-10T22:38:42.533-03:00  INFO 26134 --- [           main] c.v.s.test_show.ShowV1ControllerTests    : Started ShowV1ControllerTests in 5.142 seconds (process running for 6.322)
Hibernate: 
    select
        a1_0.id_artista,
        a1_0.ds_cpf,
        a1_0.ds_genero,
        a1_0.ds_nome,
        a1_0.ds_nome_artistico,
        a1_0.ds_sobrenome 
    from
        tb_artista a1_0 
    where
        a1_0.id_artista=?
Hibernate: 
    insert 
    into
        tb_artista
        (id_artista, ds_cpf, ds_genero, ds_nome, ds_nome_artistico, ds_sobrenome) 
    values
        (default, ?, ?, ?, ?, ?)
Hibernate: 
    select
        s1_0.id_show,
        a1_0.id_artista,
        a1_0.ds_cpf,
        a1_0.ds_genero,
        a1_0.ds_nome,
        a1_0.ds_nome_artistico,
        a1_0.ds_sobrenome,
        s1_0.ds_cache,
        s1_0.ds_data_especial,
        s1_0.ds_data,
        l1_0.show_id_show,
        l1_1.id_lote,
        l1_1.ds_desconto,
        s1_0.ds_total_despesas 
    from
        tb_show s1_0 
    left join
        tb_artista a1_0 
            on a1_0.id_artista=s1_0.ds_artista 
    left join
        (tb_show_lote l1_0 
    join
        tb_lote_ingresso l1_1 
            on l1_1.id_lote=l1_0.lote_id_lote) 
                on s1_0.id_show=l1_0.show_id_show 
        where
            s1_0.id_show=?
Hibernate: 
    insert 
    into
        tb_show
        (id_show, ds_artista, ds_cache, ds_data_especial, ds_data, ds_total_despesas) 
    values
        (default, ?, ?, ?, ?, ?)
Hibernate: 
    select
        s1_0.id_show,
        a1_0.id_artista,
        a1_0.ds_cpf,
        a1_0.ds_genero,
        a1_0.ds_nome,
        a1_0.ds_nome_artistico,
        a1_0.ds_sobrenome,
        s1_0.ds_cache,
        s1_0.ds_data_especial,
        s1_0.ds_data,
        l1_0.show_id_show,
        l1_1.id_lote,
        l1_1.ds_desconto,
        s1_0.ds_total_despesas 
    from
        tb_show s1_0 
    left join
        tb_artista a1_0 
            on a1_0.id_artista=s1_0.ds_artista 
    left join
        (tb_show_lote l1_0 
    join
        tb_lote_ingresso l1_1 
            on l1_1.id_lote=l1_0.lote_id_lote) 
                on s1_0.id_show=l1_0.show_id_show 
        where
            s1_0.id_show=?
Hibernate: 
    insert 
    into
        tb_show
        (id_show, ds_artista, ds_cache, ds_data_especial, ds_data, ds_total_despesas) 
    values
        (default, ?, ?, ?, ?, ?)
Hibernate: 
    insert 
    into
        tb_show
        (id_show, ds_artista, ds_cache, ds_data_especial, ds_data, ds_total_despesas) 
    values
        (default, ?, ?, ?, ?, ?)
Hibernate: 
    insert 
    into
        tb_show
        (id_show, ds_artista, ds_cache, ds_data_especial, ds_data, ds_total_despesas) 
    values
        (default, ?, ?, ?, ?, ?)
Hibernate: 
    select
        s1_0.id_show,
        s1_0.ds_artista,
        s1_0.ds_cache,
        s1_0.ds_data_especial,
        s1_0.ds_data,
        s1_0.ds_total_despesas 
    from
        tb_show s1_0
Hibernate: 
    select
        a1_0.id_artista,
        a1_0.ds_cpf,
        a1_0.ds_genero,
        a1_0.ds_nome,
        a1_0.ds_nome_artistico,
        a1_0.ds_sobrenome 
    from
        tb_artista a1_0
Hibernate: 
    select
        l1_0.id_lote,
        l1_0.ds_desconto 
    from
        tb_lote_ingresso l1_0

MockHttpServletRequest:
      HTTP Method = GET
      Request URI = /v1/show
       Parameters = {}
          Headers = [Content-Type:"application/json;charset=UTF-8"]
             Body = null
    Session Attrs = {SPRING_SECURITY_SAVED_REQUEST=DefaultSavedRequest [http://localhost/v1/show?continue]}

Handler:
             Type = null

Async:
    Async started = false
     Async result = null

Resolved Exception:
             Type = null

ModelAndView:
        View name = null
             View = null
            Model = null

FlashMap:
       Attributes = null

MockHttpServletResponse:
           Status = 401
    Error message = Unauthorized
          Headers = [WWW-Authenticate:"Basic realm="Realm"", X-Content-Type-Options:"nosniff", X-XSS-Protection:"0", Cache-Control:"no-cache, no-store, max-age=0, must-revalidate", Pragma:"no-cache", Expires:"0", X-Frame-Options:"DENY"]
     Content type = null
             Body = 
    Forwarded URL = null
   Redirected URL = null
          Cookies = []
]]></system-out>
  </testcase>
  <testcase name="testQuandoDeletoShow" classname="com.vandv.sistema_ingressos.test_show.ShowV1ControllerTests" time="0.035">
    <failure message="Status expected:&lt;204&gt; but was:&lt;403&gt;" type="java.lang.AssertionError"><![CDATA[java.lang.AssertionError: Status expected:<204> but was:<403>
	at com.vandv.sistema_ingressos.test_show.ShowV1ControllerTests.testQuandoDeletoShow(ShowV1ControllerTests.java:181)
]]></failure>
    <system-out><![CDATA[Hibernate: 
    select
        a1_0.id_artista,
        a1_0.ds_cpf,
        a1_0.ds_genero,
        a1_0.ds_nome,
        a1_0.ds_nome_artistico,
        a1_0.ds_sobrenome 
    from
        tb_artista a1_0 
    where
        a1_0.id_artista=?
Hibernate: 
    insert 
    into
        tb_artista
        (id_artista, ds_cpf, ds_genero, ds_nome, ds_nome_artistico, ds_sobrenome) 
    values
        (default, ?, ?, ?, ?, ?)
Hibernate: 
    select
        s1_0.id_show,
        a1_0.id_artista,
        a1_0.ds_cpf,
        a1_0.ds_genero,
        a1_0.ds_nome,
        a1_0.ds_nome_artistico,
        a1_0.ds_sobrenome,
        s1_0.ds_cache,
        s1_0.ds_data_especial,
        s1_0.ds_data,
        l1_0.show_id_show,
        l1_1.id_lote,
        l1_1.ds_desconto,
        s1_0.ds_total_despesas 
    from
        tb_show s1_0 
    left join
        tb_artista a1_0 
            on a1_0.id_artista=s1_0.ds_artista 
    left join
        (tb_show_lote l1_0 
    join
        tb_lote_ingresso l1_1 
            on l1_1.id_lote=l1_0.lote_id_lote) 
                on s1_0.id_show=l1_0.show_id_show 
        where
            s1_0.id_show=?
Hibernate: 
    insert 
    into
        tb_show
        (id_show, ds_artista, ds_cache, ds_data_especial, ds_data, ds_total_despesas) 
    values
        (default, ?, ?, ?, ?, ?)
Hibernate: 
    select
        s1_0.id_show,
        a1_0.id_artista,
        a1_0.ds_cpf,
        a1_0.ds_genero,
        a1_0.ds_nome,
        a1_0.ds_nome_artistico,
        a1_0.ds_sobrenome,
        s1_0.ds_cache,
        s1_0.ds_data_especial,
        s1_0.ds_data,
        l1_0.show_id_show,
        l1_1.id_lote,
        l1_1.ds_desconto,
        s1_0.ds_total_despesas 
    from
        tb_show s1_0 
    left join
        tb_artista a1_0 
            on a1_0.id_artista=s1_0.ds_artista 
    left join
        (tb_show_lote l1_0 
    join
        tb_lote_ingresso l1_1 
            on l1_1.id_lote=l1_0.lote_id_lote) 
                on s1_0.id_show=l1_0.show_id_show 
        where
            s1_0.id_show=?
Hibernate: 
    insert 
    into
        tb_show
        (id_show, ds_artista, ds_cache, ds_data_especial, ds_data, ds_total_despesas) 
    values
        (default, ?, ?, ?, ?, ?)
Hibernate: 
    select
        s1_0.id_show,
        s1_0.ds_artista,
        s1_0.ds_cache,
        s1_0.ds_data_especial,
        s1_0.ds_data,
        s1_0.ds_total_despesas 
    from
        tb_show s1_0
Hibernate: 
    select
        a1_0.id_artista,
        a1_0.ds_cpf,
        a1_0.ds_genero,
        a1_0.ds_nome,
        a1_0.ds_nome_artistico,
        a1_0.ds_sobrenome 
    from
        tb_artista a1_0
Hibernate: 
    select
        l1_0.id_lote,
        l1_0.ds_desconto 
    from
        tb_lote_ingresso l1_0

MockHttpServletRequest:
      HTTP Method = DELETE
      Request URI = /v1/show/5
       Parameters = {}
          Headers = [Content-Type:"application/json;charset=UTF-8"]
             Body = null
    Session Attrs = {org.springframework.security.web.csrf.HttpSessionCsrfTokenRepository.CSRF_TOKEN=org.springframework.security.web.csrf.DefaultCsrfToken@60052518}

Handler:
             Type = null

Async:
    Async started = false
     Async result = null

Resolved Exception:
             Type = null

ModelAndView:
        View name = null
             View = null
            Model = null

FlashMap:
       Attributes = null

MockHttpServletResponse:
           Status = 403
    Error message = Forbidden
          Headers = [X-Content-Type-Options:"nosniff", X-XSS-Protection:"0", Cache-Control:"no-cache, no-store, max-age=0, must-revalidate", Pragma:"no-cache", Expires:"0", X-Frame-Options:"DENY"]
     Content type = null
             Body = 
    Forwarded URL = null
   Redirected URL = null
          Cookies = []
]]></system-out>
  </testcase>
  <testcase name="testQuandoBuscoUmShow" classname="com.vandv.sistema_ingressos.test_show.ShowV1ControllerTests" time="0.04">
    <failure message="Status expected:&lt;200&gt; but was:&lt;401&gt;" type="java.lang.AssertionError"><![CDATA[java.lang.AssertionError: Status expected:<200> but was:<401>
	at com.vandv.sistema_ingressos.test_show.ShowV1ControllerTests.testQuandoBuscoUmShow(ShowV1ControllerTests.java:166)
]]></failure>
    <system-out><![CDATA[Hibernate: 
    select
        a1_0.id_artista,
        a1_0.ds_cpf,
        a1_0.ds_genero,
        a1_0.ds_nome,
        a1_0.ds_nome_artistico,
        a1_0.ds_sobrenome 
    from
        tb_artista a1_0 
    where
        a1_0.id_artista=?
Hibernate: 
    insert 
    into
        tb_artista
        (id_artista, ds_cpf, ds_genero, ds_nome, ds_nome_artistico, ds_sobrenome) 
    values
        (default, ?, ?, ?, ?, ?)
Hibernate: 
    select
        s1_0.id_show,
        a1_0.id_artista,
        a1_0.ds_cpf,
        a1_0.ds_genero,
        a1_0.ds_nome,
        a1_0.ds_nome_artistico,
        a1_0.ds_sobrenome,
        s1_0.ds_cache,
        s1_0.ds_data_especial,
        s1_0.ds_data,
        l1_0.show_id_show,
        l1_1.id_lote,
        l1_1.ds_desconto,
        s1_0.ds_total_despesas 
    from
        tb_show s1_0 
    left join
        tb_artista a1_0 
            on a1_0.id_artista=s1_0.ds_artista 
    left join
        (tb_show_lote l1_0 
    join
        tb_lote_ingresso l1_1 
            on l1_1.id_lote=l1_0.lote_id_lote) 
                on s1_0.id_show=l1_0.show_id_show 
        where
            s1_0.id_show=?
Hibernate: 
    insert 
    into
        tb_show
        (id_show, ds_artista, ds_cache, ds_data_especial, ds_data, ds_total_despesas) 
    values
        (default, ?, ?, ?, ?, ?)
Hibernate: 
    select
        s1_0.id_show,
        a1_0.id_artista,
        a1_0.ds_cpf,
        a1_0.ds_genero,
        a1_0.ds_nome,
        a1_0.ds_nome_artistico,
        a1_0.ds_sobrenome,
        s1_0.ds_cache,
        s1_0.ds_data_especial,
        s1_0.ds_data,
        l1_0.show_id_show,
        l1_1.id_lote,
        l1_1.ds_desconto,
        s1_0.ds_total_despesas 
    from
        tb_show s1_0 
    left join
        tb_artista a1_0 
            on a1_0.id_artista=s1_0.ds_artista 
    left join
        (tb_show_lote l1_0 
    join
        tb_lote_ingresso l1_1 
            on l1_1.id_lote=l1_0.lote_id_lote) 
                on s1_0.id_show=l1_0.show_id_show 
        where
            s1_0.id_show=?
Hibernate: 
    insert 
    into
        tb_show
        (id_show, ds_artista, ds_cache, ds_data_especial, ds_data, ds_total_despesas) 
    values
        (default, ?, ?, ?, ?, ?)
Hibernate: 
    select
        s1_0.id_show,
        s1_0.ds_artista,
        s1_0.ds_cache,
        s1_0.ds_data_especial,
        s1_0.ds_data,
        s1_0.ds_total_despesas 
    from
        tb_show s1_0
Hibernate: 
    select
        a1_0.id_artista,
        a1_0.ds_cpf,
        a1_0.ds_genero,
        a1_0.ds_nome,
        a1_0.ds_nome_artistico,
        a1_0.ds_sobrenome 
    from
        tb_artista a1_0
Hibernate: 
    select
        l1_0.id_lote,
        l1_0.ds_desconto 
    from
        tb_lote_ingresso l1_0

MockHttpServletRequest:
      HTTP Method = GET
      Request URI = /v1/show/7
       Parameters = {}
          Headers = [Content-Type:"application/json;charset=UTF-8"]
             Body = null
    Session Attrs = {SPRING_SECURITY_SAVED_REQUEST=DefaultSavedRequest [http://localhost/v1/show/7?continue]}

Handler:
             Type = null

Async:
    Async started = false
     Async result = null

Resolved Exception:
             Type = null

ModelAndView:
        View name = null
             View = null
            Model = null

FlashMap:
       Attributes = null

MockHttpServletResponse:
           Status = 401
    Error message = Unauthorized
          Headers = [WWW-Authenticate:"Basic realm="Realm"", X-Content-Type-Options:"nosniff", X-XSS-Protection:"0", Cache-Control:"no-cache, no-store, max-age=0, must-revalidate", Pragma:"no-cache", Expires:"0", X-Frame-Options:"DENY"]
     Content type = null
             Body = 
    Forwarded URL = null
   Redirected URL = null
          Cookies = []
]]></system-out>
  </testcase>
  <testcase name="testeAoCriarShow" classname="com.vandv.sistema_ingressos.test_show.ShowV1ControllerTests" time="0.094">
    <failure message="Status expected:&lt;201&gt; but was:&lt;403&gt;" type="java.lang.AssertionError"><![CDATA[java.lang.AssertionError: Status expected:<201> but was:<403>
	at com.vandv.sistema_ingressos.test_show.ShowV1ControllerTests.testeAoCriarShow(ShowV1ControllerTests.java:113)
]]></failure>
    <system-out><![CDATA[Hibernate: 
    select
        a1_0.id_artista,
        a1_0.ds_cpf,
        a1_0.ds_genero,
        a1_0.ds_nome,
        a1_0.ds_nome_artistico,
        a1_0.ds_sobrenome 
    from
        tb_artista a1_0 
    where
        a1_0.id_artista=?
Hibernate: 
    insert 
    into
        tb_artista
        (id_artista, ds_cpf, ds_genero, ds_nome, ds_nome_artistico, ds_sobrenome) 
    values
        (default, ?, ?, ?, ?, ?)
Hibernate: 
    select
        s1_0.id_show,
        a1_0.id_artista,
        a1_0.ds_cpf,
        a1_0.ds_genero,
        a1_0.ds_nome,
        a1_0.ds_nome_artistico,
        a1_0.ds_sobrenome,
        s1_0.ds_cache,
        s1_0.ds_data_especial,
        s1_0.ds_data,
        l1_0.show_id_show,
        l1_1.id_lote,
        l1_1.ds_desconto,
        s1_0.ds_total_despesas 
    from
        tb_show s1_0 
    left join
        tb_artista a1_0 
            on a1_0.id_artista=s1_0.ds_artista 
    left join
        (tb_show_lote l1_0 
    join
        tb_lote_ingresso l1_1 
            on l1_1.id_lote=l1_0.lote_id_lote) 
                on s1_0.id_show=l1_0.show_id_show 
        where
            s1_0.id_show=?
Hibernate: 
    insert 
    into
        tb_show
        (id_show, ds_artista, ds_cache, ds_data_especial, ds_data, ds_total_despesas) 
    values
        (default, ?, ?, ?, ?, ?)
Hibernate: 
    select
        s1_0.id_show,
        a1_0.id_artista,
        a1_0.ds_cpf,
        a1_0.ds_genero,
        a1_0.ds_nome,
        a1_0.ds_nome_artistico,
        a1_0.ds_sobrenome,
        s1_0.ds_cache,
        s1_0.ds_data_especial,
        s1_0.ds_data,
        l1_0.show_id_show,
        l1_1.id_lote,
        l1_1.ds_desconto,
        s1_0.ds_total_despesas 
    from
        tb_show s1_0 
    left join
        tb_artista a1_0 
            on a1_0.id_artista=s1_0.ds_artista 
    left join
        (tb_show_lote l1_0 
    join
        tb_lote_ingresso l1_1 
            on l1_1.id_lote=l1_0.lote_id_lote) 
                on s1_0.id_show=l1_0.show_id_show 
        where
            s1_0.id_show=?
Hibernate: 
    insert 
    into
        tb_show
        (id_show, ds_artista, ds_cache, ds_data_especial, ds_data, ds_total_despesas) 
    values
        (default, ?, ?, ?, ?, ?)
Hibernate: 
    select
        s1_0.id_show,
        s1_0.ds_artista,
        s1_0.ds_cache,
        s1_0.ds_data_especial,
        s1_0.ds_data,
        s1_0.ds_total_despesas 
    from
        tb_show s1_0
Hibernate: 
    select
        a1_0.id_artista,
        a1_0.ds_cpf,
        a1_0.ds_genero,
        a1_0.ds_nome,
        a1_0.ds_nome_artistico,
        a1_0.ds_sobrenome 
    from
        tb_artista a1_0
Hibernate: 
    select
        l1_0.id_lote,
        l1_0.ds_desconto 
    from
        tb_lote_ingresso l1_0

MockHttpServletRequest:
      HTTP Method = POST
      Request URI = /v1/show
       Parameters = {}
          Headers = [Content-Type:"application/json;charset=UTF-8", Content-Length:"222"]
             Body = {"datashow":1701572400000,"cache":100000,"totalDespesas":30000,"dataEspecial":true,"artista":{"id":4,"nome":"Lucas","sobrenome":"Pereira","nomeArtistico":"Banda LuFi","genero":"sertanejo","cpf":"870.756.333-90"},"lote":[]}
    Session Attrs = {org.springframework.security.web.csrf.HttpSessionCsrfTokenRepository.CSRF_TOKEN=org.springframework.security.web.csrf.DefaultCsrfToken@87276c4}

Handler:
             Type = null

Async:
    Async started = false
     Async result = null

Resolved Exception:
             Type = null

ModelAndView:
        View name = null
             View = null
            Model = null

FlashMap:
       Attributes = null

MockHttpServletResponse:
           Status = 403
    Error message = Forbidden
          Headers = [X-Content-Type-Options:"nosniff", X-XSS-Protection:"0", Cache-Control:"no-cache, no-store, max-age=0, must-revalidate", Pragma:"no-cache", Expires:"0", X-Frame-Options:"DENY"]
     Content type = null
             Body = 
    Forwarded URL = null
   Redirected URL = null
          Cookies = []
]]></system-out>
  </testcase>
</testsuite>